<?xml version="1.0" encoding="UTF-8"?>
<!-- Generated by org.testng.reporters.JUnitXMLReporter -->
<testsuite ignored="0" hostname="matus-legion" failures="0" tests="8" name="Surefire test" time="2.321" errors="0" timestamp="2021-04-07T18:20:07 CEST">
  <testcase classname="cz.fi.muni.pa165.hockeymanager.daoTests.PlayerDaoTests" name="createPlayerTest" time="0.061"/>
  <testcase classname="cz.fi.muni.pa165.hockeymanager.daoTests.PlayerDaoTests" name="findAllPlayersTest" time="0.083"/>
  <testcase classname="cz.fi.muni.pa165.hockeymanager.daoTests.PlayerDaoTests" name="findPlayerByIdTest" time="0.004"/>
  <testcase classname="cz.fi.muni.pa165.hockeymanager.daoTests.PlayerDaoTests" name="removePlayerTest" time="0.006"/>
  <testcase classname="cz.fi.muni.pa165.hockeymanager.daoTests.MatchDaoTests" name="createMatchTest" time="0.03"/>
  <testcase classname="cz.fi.muni.pa165.hockeymanager.daoTests.MatchDaoTests" name="findAllMatchesTest" time="0.029"/>
  <testcase classname="cz.fi.muni.pa165.hockeymanager.daoTests.MatchDaoTests" name="findMatchesByIdTest" time="0.006"/>
  <testcase classname="cz.fi.muni.pa165.hockeymanager.daoTests.MatchDaoTests" name="removeMatchTest" time="0.003"/>
</testsuite> <!-- Surefire test -->
