<?xml version="1.0" encoding="UTF-8"?>
<testsuite xmlns:xsi="http://www.w3.org/2001/XMLSchema-instance" xsi:noNamespaceSchemaLocation="https://maven.apache.org/surefire/maven-surefire-plugin/xsd/surefire-test-report.xsd" name="TestSuite" time="2.931" tests="8" errors="0" skipped="0" failures="0">
  <properties>
[...]
</properties>
  <testcase name="createPlayerTest" classname="cz.fi.muni.pa165.hockeymanager.daoTests.PlayerDaoTests" time="0.062"/>
  <testcase name="findAllPlayersTest" classname="cz.fi.muni.pa165.hockeymanager.daoTests.PlayerDaoTests" time="0.082"/>
  <testcase name="findPlayerByIdTest" classname="cz.fi.muni.pa165.hockeymanager.daoTests.PlayerDaoTests" time="0.003"/>
  <testcase name="removePlayerTest" classname="cz.fi.muni.pa165.hockeymanager.daoTests.PlayerDaoTests" time="0.006"/>
  <testcase name="createMatchTest" classname="cz.fi.muni.pa165.hockeymanager.daoTests.MatchDaoTests" time="0.029"/>
  <testcase name="findAllMatchesTest" classname="cz.fi.muni.pa165.hockeymanager.daoTests.MatchDaoTests" time="0.028"/>
  <testcase name="findMatchesByIdTest" classname="cz.fi.muni.pa165.hockeymanager.daoTests.MatchDaoTests" time="0.006"/>
  <testcase name="removeMatchTest" classname="cz.fi.muni.pa165.hockeymanager.daoTests.MatchDaoTests" time="0.003"/>
</testsuite>