<?xml version="1.0" encoding="UTF-8"?>
<testng-results ignored="0" total="8" passed="8" failed="0" skipped="0">
  <reporter-output>
  </reporter-output>
  <suite started-at="2021-04-07T18:20:04 CEST" name="Surefire suite" finished-at="2021-04-07T18:20:07 CEST" duration-ms="2321">
    <groups>
    </groups>
    <test started-at="2021-04-07T18:20:04 CEST" name="Surefire test" finished-at="2021-04-07T18:20:07 CEST" duration-ms="2321">
      <class name="cz.fi.muni.pa165.hockeymanager.daoTests.PlayerDaoTests">
        <test-method is-config="true" signature="springTestContextBeforeTestClass()[pri:0, instance:cz.fi.muni.pa165.hockeymanager.daoTests.PlayerDaoTests@21337f7b]" started-at="2021-04-07T18:20:04 CEST" name="springTestContextBeforeTestClass" finished-at="2021-04-07T18:20:04 CEST" duration-ms="5" status="PASS">
          <reporter-output>
          </reporter-output>
        </test-method> <!-- springTestContextBeforeTestClass -->
        <test-method is-config="true" signature="springTestContextPrepareTestInstance()[pri:0, instance:cz.fi.muni.pa165.hockeymanager.daoTests.PlayerDaoTests@21337f7b]" started-at="2021-04-07T18:20:04 CEST" name="springTestContextPrepareTestInstance" finished-at="2021-04-07T18:20:06 CEST" depends-on-methods="org.springframework.test.context.testng.AbstractTestNGSpringContextTests.springTestContextBeforeTestClass" duration-ms="2011" status="PASS">
          <reporter-output>
          </reporter-output>
        </test-method> <!-- springTestContextPrepareTestInstance -->
        <test-method is-config="true" signature="springTestContextBeforeTestMethod(java.lang.reflect.Method)[pri:0, instance:cz.fi.muni.pa165.hockeymanager.daoTests.PlayerDaoTests@21337f7b]" started-at="2021-04-07T18:20:06 CEST" name="springTestContextBeforeTestMethod" finished-at="2021-04-07T18:20:06 CEST" duration-ms="40" status="PASS">
          <params>
            <param index="0">
              <value>
                <![CDATA[public void cz.fi.muni.pa165.hockeymanager.daoTests.PlayerDaoTests.createPlayerTest()]]>
              </value>
            </param>
          </params>
          <reporter-output>
          </reporter-output>
        </test-method> <!-- springTestContextBeforeTestMethod -->
        <test-method signature="createPlayerTest()[pri:0, instance:cz.fi.muni.pa165.hockeymanager.daoTests.PlayerDaoTests@21337f7b]" started-at="2021-04-07T18:20:06 CEST" name="createPlayerTest" finished-at="2021-04-07T18:20:07 CEST" duration-ms="61" status="PASS">
          <reporter-output>
          </reporter-output>
        </test-method> <!-- createPlayerTest -->
        <test-method is-config="true" signature="springTestContextAfterTestMethod(java.lang.reflect.Method)[pri:0, instance:cz.fi.muni.pa165.hockeymanager.daoTests.PlayerDaoTests@21337f7b]" started-at="2021-04-07T18:20:07 CEST" name="springTestContextAfterTestMethod" finished-at="2021-04-07T18:20:07 CEST" duration-ms="5" status="PASS">
          <params>
            <param index="0">
              <value>
                <![CDATA[public void cz.fi.muni.pa165.hockeymanager.daoTests.PlayerDaoTests.createPlayerTest()]]>
              </value>
            </param>
          </params>
          <reporter-output>
          </reporter-output>
        </test-method> <!-- springTestContextAfterTestMethod -->
        <test-method is-config="true" signature="springTestContextBeforeTestMethod(java.lang.reflect.Method)[pri:0, instance:cz.fi.muni.pa165.hockeymanager.daoTests.PlayerDaoTests@21337f7b]" started-at="2021-04-07T18:20:07 CEST" name="springTestContextBeforeTestMethod" finished-at="2021-04-07T18:20:07 CEST" duration-ms="1" status="PASS">
          <params>
            <param index="0">
              <value>
                <![CDATA[public void cz.fi.muni.pa165.hockeymanager.daoTests.PlayerDaoTests.findAllPlayersTest()]]>
              </value>
            </param>
          </params>
          <reporter-output>
          </reporter-output>
        </test-method> <!-- springTestContextBeforeTestMethod -->
        <test-method signature="findAllPlayersTest()[pri:0, instance:cz.fi.muni.pa165.hockeymanager.daoTests.PlayerDaoTests@21337f7b]" started-at="2021-04-07T18:20:07 CEST" name="findAllPlayersTest" finished-at="2021-04-07T18:20:07 CEST" duration-ms="83" status="PASS">
          <reporter-output>
          </reporter-output>
        </test-method> <!-- findAllPlayersTest -->
        <test-method is-config="true" signature="springTestContextAfterTestMethod(java.lang.reflect.Method)[pri:0, instance:cz.fi.muni.pa165.hockeymanager.daoTests.PlayerDaoTests@21337f7b]" started-at="2021-04-07T18:20:07 CEST" name="springTestContextAfterTestMethod" finished-at="2021-04-07T18:20:07 CEST" duration-ms="2" status="PASS">
          <params>
            <param index="0">
              <value>
                <![CDATA[public void cz.fi.muni.pa165.hockeymanager.daoTests.PlayerDaoTests.findAllPlayersTest()]]>
              </value>
            </param>
          </params>
          <reporter-output>
          </reporter-output>
        </test-method> <!-- springTestContextAfterTestMethod -->
        <test-method is-config="true" signature="springTestContextBeforeTestMethod(java.lang.reflect.Method)[pri:0, instance:cz.fi.muni.pa165.hockeymanager.daoTests.PlayerDaoTests@21337f7b]" started-at="2021-04-07T18:20:07 CEST" name="springTestContextBeforeTestMethod" finished-at="2021-04-07T18:20:07 CEST" duration-ms="1" status="PASS">
          <params>
            <param index="0">
              <value>
                <![CDATA[public void cz.fi.muni.pa165.hockeymanager.daoTests.PlayerDaoTests.findPlayerByIdTest()]]>
              </value>
            </param>
          </params>
          <reporter-output>
          </reporter-output>
        </test-method> <!-- springTestContextBeforeTestMethod -->
        <test-method signature="findPlayerByIdTest()[pri:0, instance:cz.fi.muni.pa165.hockeymanager.daoTests.PlayerDaoTests@21337f7b]" started-at="2021-04-07T18:20:07 CEST" name="findPlayerByIdTest" finished-at="2021-04-07T18:20:07 CEST" duration-ms="4" status="PASS">
          <reporter-output>
          </reporter-output>
        </test-method> <!-- findPlayerByIdTest -->
        <test-method is-config="true" signature="springTestContextAfterTestMethod(java.lang.reflect.Method)[pri:0, instance:cz.fi.muni.pa165.hockeymanager.daoTests.PlayerDaoTests@21337f7b]" started-at="2021-04-07T18:20:07 CEST" name="springTestContextAfterTestMethod" finished-at="2021-04-07T18:20:07 CEST" duration-ms="2" status="PASS">
          <params>
            <param index="0">
              <value>
                <![CDATA[public void cz.fi.muni.pa165.hockeymanager.daoTests.PlayerDaoTests.findPlayerByIdTest()]]>
              </value>
            </param>
          </params>
          <reporter-output>
          </reporter-output>
        </test-method> <!-- springTestContextAfterTestMethod -->
        <test-method is-config="true" signature="springTestContextBeforeTestMethod(java.lang.reflect.Method)[pri:0, instance:cz.fi.muni.pa165.hockeymanager.daoTests.PlayerDaoTests@21337f7b]" started-at="2021-04-07T18:20:07 CEST" name="springTestContextBeforeTestMethod" finished-at="2021-04-07T18:20:07 CEST" duration-ms="1" status="PASS">
          <params>
            <param index="0">
              <value>
                <![CDATA[public void cz.fi.muni.pa165.hockeymanager.daoTests.PlayerDaoTests.removePlayerTest()]]>
              </value>
            </param>
          </params>
          <reporter-output>
          </reporter-output>
        </test-method> <!-- springTestContextBeforeTestMethod -->
        <test-method signature="removePlayerTest()[pri:0, instance:cz.fi.muni.pa165.hockeymanager.daoTests.PlayerDaoTests@21337f7b]" started-at="2021-04-07T18:20:07 CEST" name="removePlayerTest" finished-at="2021-04-07T18:20:07 CEST" duration-ms="6" status="PASS">
          <reporter-output>
          </reporter-output>
        </test-method> <!-- removePlayerTest -->
        <test-method is-config="true" signature="springTestContextAfterTestMethod(java.lang.reflect.Method)[pri:0, instance:cz.fi.muni.pa165.hockeymanager.daoTests.PlayerDaoTests@21337f7b]" started-at="2021-04-07T18:20:07 CEST" name="springTestContextAfterTestMethod" finished-at="2021-04-07T18:20:07 CEST" duration-ms="1" status="PASS">
          <params>
            <param index="0">
              <value>
                <![CDATA[public void cz.fi.muni.pa165.hockeymanager.daoTests.PlayerDaoTests.removePlayerTest()]]>
              </value>
            </param>
          </params>
          <reporter-output>
          </reporter-output>
        </test-method> <!-- springTestContextAfterTestMethod -->
        <test-method is-config="true" signature="springTestContextAfterTestClass()[pri:0, instance:cz.fi.muni.pa165.hockeymanager.daoTests.PlayerDaoTests@21337f7b]" started-at="2021-04-07T18:20:07 CEST" name="springTestContextAfterTestClass" finished-at="2021-04-07T18:20:07 CEST" duration-ms="1" status="PASS">
          <reporter-output>
          </reporter-output>
        </test-method> <!-- springTestContextAfterTestClass -->
      </class> <!-- cz.fi.muni.pa165.hockeymanager.daoTests.PlayerDaoTests -->
      <class name="cz.fi.muni.pa165.hockeymanager.daoTests.MatchDaoTests">
        <test-method is-config="true" signature="springTestContextBeforeTestClass()[pri:0, instance:cz.fi.muni.pa165.hockeymanager.daoTests.MatchDaoTests@1458ed9c]" started-at="2021-04-07T18:20:07 CEST" name="springTestContextBeforeTestClass" finished-at="2021-04-07T18:20:07 CEST" duration-ms="0" status="PASS">
          <reporter-output>
          </reporter-output>
        </test-method> <!-- springTestContextBeforeTestClass -->
        <test-method is-config="true" signature="springTestContextPrepareTestInstance()[pri:0, instance:cz.fi.muni.pa165.hockeymanager.daoTests.MatchDaoTests@1458ed9c]" started-at="2021-04-07T18:20:07 CEST" name="springTestContextPrepareTestInstance" finished-at="2021-04-07T18:20:07 CEST" depends-on-methods="org.springframework.test.context.testng.AbstractTestNGSpringContextTests.springTestContextBeforeTestClass" duration-ms="1" status="PASS">
          <reporter-output>
          </reporter-output>
        </test-method> <!-- springTestContextPrepareTestInstance -->
        <test-method is-config="true" signature="springTestContextBeforeTestMethod(java.lang.reflect.Method)[pri:0, instance:cz.fi.muni.pa165.hockeymanager.daoTests.MatchDaoTests@1458ed9c]" started-at="2021-04-07T18:20:07 CEST" name="springTestContextBeforeTestMethod" finished-at="2021-04-07T18:20:07 CEST" duration-ms="1" status="PASS">
          <params>
            <param index="0">
              <value>
                <![CDATA[public void cz.fi.muni.pa165.hockeymanager.daoTests.MatchDaoTests.createMatchTest()]]>
              </value>
            </param>
          </params>
          <reporter-output>
          </reporter-output>
        </test-method> <!-- springTestContextBeforeTestMethod -->
        <test-method signature="createMatchTest()[pri:0, instance:cz.fi.muni.pa165.hockeymanager.daoTests.MatchDaoTests@1458ed9c]" started-at="2021-04-07T18:20:07 CEST" name="createMatchTest" finished-at="2021-04-07T18:20:07 CEST" duration-ms="30" status="PASS">
          <reporter-output>
          </reporter-output>
        </test-method> <!-- createMatchTest -->
        <test-method is-config="true" signature="springTestContextAfterTestMethod(java.lang.reflect.Method)[pri:0, instance:cz.fi.muni.pa165.hockeymanager.daoTests.MatchDaoTests@1458ed9c]" started-at="2021-04-07T18:20:07 CEST" name="springTestContextAfterTestMethod" finished-at="2021-04-07T18:20:07 CEST" duration-ms="1" status="PASS">
          <params>
            <param index="0">
              <value>
                <![CDATA[public void cz.fi.muni.pa165.hockeymanager.daoTests.MatchDaoTests.createMatchTest()]]>
              </value>
            </param>
          </params>
          <reporter-output>
          </reporter-output>
        </test-method> <!-- springTestContextAfterTestMethod -->
        <test-method is-config="true" signature="springTestContextBeforeTestMethod(java.lang.reflect.Method)[pri:0, instance:cz.fi.muni.pa165.hockeymanager.daoTests.MatchDaoTests@1458ed9c]" started-at="2021-04-07T18:20:07 CEST" name="springTestContextBeforeTestMethod" finished-at="2021-04-07T18:20:07 CEST" duration-ms="1" status="PASS">
          <params>
            <param index="0">
              <value>
                <![CDATA[public void cz.fi.muni.pa165.hockeymanager.daoTests.MatchDaoTests.findAllMatchesTest()]]>
              </value>
            </param>
          </params>
          <reporter-output>
          </reporter-output>
        </test-method> <!-- springTestContextBeforeTestMethod -->
        <test-method signature="findAllMatchesTest()[pri:0, instance:cz.fi.muni.pa165.hockeymanager.daoTests.MatchDaoTests@1458ed9c]" started-at="2021-04-07T18:20:07 CEST" name="findAllMatchesTest" finished-at="2021-04-07T18:20:07 CEST" duration-ms="29" status="PASS">
          <reporter-output>
          </reporter-output>
        </test-method> <!-- findAllMatchesTest -->
        <test-method is-config="true" signature="springTestContextAfterTestMethod(java.lang.reflect.Method)[pri:0, instance:cz.fi.muni.pa165.hockeymanager.daoTests.MatchDaoTests@1458ed9c]" started-at="2021-04-07T18:20:07 CEST" name="springTestContextAfterTestMethod" finished-at="2021-04-07T18:20:07 CEST" duration-ms="3" status="PASS">
          <params>
            <param index="0">
              <value>
                <![CDATA[public void cz.fi.muni.pa165.hockeymanager.daoTests.MatchDaoTests.findAllMatchesTest()]]>
              </value>
            </param>
          </params>
          <reporter-output>
          </reporter-output>
        </test-method> <!-- springTestContextAfterTestMethod -->
        <test-method is-config="true" signature="springTestContextBeforeTestMethod(java.lang.reflect.Method)[pri:0, instance:cz.fi.muni.pa165.hockeymanager.daoTests.MatchDaoTests@1458ed9c]" started-at="2021-04-07T18:20:07 CEST" name="springTestContextBeforeTestMethod" finished-at="2021-04-07T18:20:07 CEST" duration-ms="2" status="PASS">
          <params>
            <param index="0">
              <value>
                <![CDATA[public void cz.fi.muni.pa165.hockeymanager.daoTests.MatchDaoTests.findMatchesByIdTest()]]>
              </value>
            </param>
          </params>
          <reporter-output>
          </reporter-output>
        </test-method> <!-- springTestContextBeforeTestMethod -->
        <test-method signature="findMatchesByIdTest()[pri:0, instance:cz.fi.muni.pa165.hockeymanager.daoTests.MatchDaoTests@1458ed9c]" started-at="2021-04-07T18:20:07 CEST" name="findMatchesByIdTest" finished-at="2021-04-07T18:20:07 CEST" duration-ms="6" status="PASS">
          <reporter-output>
          </reporter-output>
        </test-method> <!-- findMatchesByIdTest -->
        <test-method is-config="true" signature="springTestContextAfterTestMethod(java.lang.reflect.Method)[pri:0, instance:cz.fi.muni.pa165.hockeymanager.daoTests.MatchDaoTests@1458ed9c]" started-at="2021-04-07T18:20:07 CEST" name="springTestContextAfterTestMethod" finished-at="2021-04-07T18:20:07 CEST" duration-ms="1" status="PASS">
          <params>
            <param index="0">
              <value>
                <![CDATA[public void cz.fi.muni.pa165.hockeymanager.daoTests.MatchDaoTests.findMatchesByIdTest()]]>
              </value>
            </param>
          </params>
          <reporter-output>
          </reporter-output>
        </test-method> <!-- springTestContextAfterTestMethod -->
        <test-method is-config="true" signature="springTestContextBeforeTestMethod(java.lang.reflect.Method)[pri:0, instance:cz.fi.muni.pa165.hockeymanager.daoTests.MatchDaoTests@1458ed9c]" started-at="2021-04-07T18:20:07 CEST" name="springTestContextBeforeTestMethod" finished-at="2021-04-07T18:20:07 CEST" duration-ms="2" status="PASS">
          <params>
            <param index="0">
              <value>
                <![CDATA[public void cz.fi.muni.pa165.hockeymanager.daoTests.MatchDaoTests.removeMatchTest()]]>
              </value>
            </param>
          </params>
          <reporter-output>
          </reporter-output>
        </test-method> <!-- springTestContextBeforeTestMethod -->
        <test-method signature="removeMatchTest()[pri:0, instance:cz.fi.muni.pa165.hockeymanager.daoTests.MatchDaoTests@1458ed9c]" started-at="2021-04-07T18:20:07 CEST" name="removeMatchTest" finished-at="2021-04-07T18:20:07 CEST" duration-ms="3" status="PASS">
          <reporter-output>
          </reporter-output>
        </test-method> <!-- removeMatchTest -->
        <test-method is-config="true" signature="springTestContextAfterTestMethod(java.lang.reflect.Method)[pri:0, instance:cz.fi.muni.pa165.hockeymanager.daoTests.MatchDaoTests@1458ed9c]" started-at="2021-04-07T18:20:07 CEST" name="springTestContextAfterTestMethod" finished-at="2021-04-07T18:20:07 CEST" duration-ms="0" status="PASS">
          <params>
            <param index="0">
              <value>
                <![CDATA[public void cz.fi.muni.pa165.hockeymanager.daoTests.MatchDaoTests.removeMatchTest()]]>
              </value>
            </param>
          </params>
          <reporter-output>
          </reporter-output>
        </test-method> <!-- springTestContextAfterTestMethod -->
        <test-method is-config="true" signature="springTestContextAfterTestClass()[pri:0, instance:cz.fi.muni.pa165.hockeymanager.daoTests.MatchDaoTests@1458ed9c]" started-at="2021-04-07T18:20:07 CEST" name="springTestContextAfterTestClass" finished-at="2021-04-07T18:20:07 CEST" duration-ms="0" status="PASS">
          <reporter-output>
          </reporter-output>
        </test-method> <!-- springTestContextAfterTestClass -->
      </class> <!-- cz.fi.muni.pa165.hockeymanager.daoTests.MatchDaoTests -->
    </test> <!-- Surefire test -->
  </suite> <!-- Surefire suite -->
</testng-results>
